<?xml version="1.0" encoding="UTF-8"?>
<!-- Generated by org.testng.reporters.JUnitReportReporter -->
<testsuite skipped="0" hostname="User-1" name="com.synechron.javaappiumtestcases.SampleTestCode" tests="1" failures="0" timestamp="28 Jun 2018 07:58:42 GMT" time="7.730" errors="0">
  <testcase name="launch" time="7.730" classname="com.synechron.javaappiumtestcases.SampleTestCode"/>
</testsuite> <!-- com.synechron.javaappiumtestcases.SampleTestCode -->
