<?xml version="1.0" encoding="UTF-8"?>
<!-- Generated by org.testng.reporters.JUnitReportReporter -->
<testsuite skipped="0" hostname="User-1" name="com.synechron.javaappiumtestcases.AndroidCalciTest" tests="3" failures="0" timestamp="28 Jun 2018 09:57:00 GMT" time="11.373" errors="0">
  <testcase name="testSum" time="4.580" classname="com.synechron.javaappiumtestcases.AndroidCalciTest"/>
  <testcase name="testSub" time="3.341" classname="com.synechron.javaappiumtestcases.AndroidCalciTest"/>
  <testcase name="testMultiply" time="3.452" classname="com.synechron.javaappiumtestcases.AndroidCalciTest"/>
</testsuite> <!-- com.synechron.javaappiumtestcases.AndroidCalciTest -->
